<?xml version="1.0" encoding="UTF-8"?>
<!-- Generated by org.testng.reporters.JUnitXMLReporter -->
<testsuite ignored="3" hostname="Reggies-Anthony.local" failures="0" tests="1" name="Default test" time="0.956" errors="0" timestamp="2024-05-24T07:26:28 IST">
  <testcase classname="com.assessment.tests.TestApi" name="invalidapiKey" time="0.945"/>
  <testcase classname="com.assessment.tests.TestApi" name="getFiveDayForecast" time="0.0">
    <ignored/>
  </testcase> <!-- getFiveDayForecast -->
  <testcase classname="com.assessment.tests.TestApi" name="getCurrentWeather" time="0.0">
    <ignored/>
  </testcase> <!-- getCurrentWeather -->
  <testcase classname="com.assessment.tests.TestApi" name="invalidCityName" time="0.0">
    <ignored/>
  </testcase> <!-- invalidCityName -->
</testsuite> <!-- Default test -->
