<?xml version="1.0" encoding="UTF-8"?>
<!-- Generated by org.testng.reporters.JUnitXMLReporter -->
<testsuite ignored="0" hostname="Reggies-Anthony.local" failures="0" tests="3" name="HomePage" time="100.848" errors="0" timestamp="2024-05-24T10:14:35 IST">
  <testcase classname="com.assessment.tests.SearchTest" name="testSearchCity" time="21.141"/>
  <testcase classname="com.assessment.tests.SearchTest" name="testSearchInvalidCity" time="3.606"/>
  <testcase classname="com.assessment.tests.SearchTest" name="testVerifyCityWeatherDetails" time="17.756"/>
</testsuite> <!-- HomePage -->
