<?xml version="1.0" encoding="UTF-8"?>
<!-- Generated by org.testng.reporters.JUnitXMLReporter -->
<testsuite ignored="0" hostname="Reggies-Anthony.local" failures="0" tests="2" name="Parallel Tests" time="75.427" errors="0" timestamp="2024-05-23T23:30:55 IST">
  <testcase classname="com.assessment.tests.SearchTest" name="testSearchCity" time="33.676"/>
  <testcase classname="com.assessment.tests.SearchTest" name="testVerifyCityWeatherDetails" time="14.256"/>
</testsuite> <!-- Parallel Tests -->
