<?xml version="1.0" encoding="UTF-8"?>
<!-- Generated by org.testng.reporters.JUnitXMLReporter -->
<testsuite ignored="0" hostname="Reggies-Anthony.local" failures="1" tests="5" name="Test" time="70.922" errors="0" timestamp="2024-05-23T23:30:51 IST">
  <testcase classname="com.assessment.tests.TestWeatherInCity" name="testSearchWeatherInYourCity" time="11.61"/>
  <testcase classname="com.assessment.tests.TestWeatherInCity" name="testVerfiyWeatherInYourCityHeadline" time="1.471"/>
  <testcase classname="com.assessment.tests.TestWeatherInCity" name="testVerfiyWeatherInYourCitySearchBoxValue" time="0.049"/>
  <testcase classname="com.assessment.tests.TestWeatherInCity" name="testVerfiyCityWeatherDetails" time="11.747">
    <failure type="java.lang.AssertionError" message="Geo Location not found on UI expected [true] but found [false]">
      <![CDATA[java.lang.AssertionError: Geo Location not found on UI expected [true] but found [false]
at com.assessment.pages.WeatherInCity.verifyCityWeatherDetails(WeatherInCity.java:65)
at com.assessment.tests.TestWeatherInCity.testVerfiyCityWeatherDetails(TestWeatherInCity.java:54)
at java.base/java.util.ArrayList.forEach(ArrayList.java:1511)
at java.base/java.util.concurrent.FutureTask.run(FutureTask.java:317)
at java.base/java.util.concurrent.ThreadPoolExecutor.runWorker(ThreadPoolExecutor.java:1144)
at java.base/java.util.concurrent.ThreadPoolExecutor$Worker.run(ThreadPoolExecutor.java:642)
at java.base/java.lang.Thread.run(Thread.java:1589)
... Removed 19 stack frames]]>
    </failure>
  </testcase> <!-- testVerfiyCityWeatherDetails -->
  <testcase classname="com.assessment.tests.TestWeatherInCity" name="testVerfiyRedirectionToCityPage" time="18.768"/>
</testsuite> <!-- Test -->
