<?xml version="1.0" encoding="UTF-8"?>
<!-- Generated by org.testng.reporters.JUnitXMLReporter -->
<testsuite ignored="0" hostname="Reggies-Anthony.local" failures="0" tests="6" name="WeatherInYourCity" time="104.018" errors="0" timestamp="2024-05-24T10:14:38 IST">
  <testcase classname="com.assessment.tests.TestWeatherInCity" name="testSearchWeatherInYourCity" time="19.598"/>
  <testcase classname="com.assessment.tests.TestWeatherInCity" name="testVerfiyWeatherInYourCityHeadline" time="1.964"/>
  <testcase classname="com.assessment.tests.TestWeatherInCity" name="testVerfiyWeatherInYourCitySearchBoxValue" time="0.116"/>
  <testcase classname="com.assessment.tests.TestWeatherInCity" name="testVerfiyCityWeatherDetails" time="0.957"/>
  <testcase classname="com.assessment.tests.TestWeatherInCity" name="testVerfiyInvalidCityWeatherDetails" time="4.52"/>
  <testcase classname="com.assessment.tests.TestWeatherInCity" name="testVerfiyRedirectionToCityPage" time="19.789"/>
</testsuite> <!-- WeatherInYourCity -->
