<?xml version="1.0" encoding="UTF-8"?>
<!-- Generated by org.testng.reporters.JUnitXMLReporter -->
<testsuite ignored="0" hostname="Reggies-Anthony.local" failures="0" tests="4" name="Api" time="3.54" errors="0" timestamp="2024-05-24T10:09:51 IST">
  <testcase classname="com.assessment.tests.TestApi" name="getCurrentWeather" time="1.259"/>
  <testcase classname="com.assessment.tests.TestApi" name="getFiveDayForecast" time="0.873"/>
  <testcase classname="com.assessment.tests.TestApi" name="invalidCityName" time="1.012"/>
  <testcase classname="com.assessment.tests.TestApi" name="invalidapiKey" time="0.295"/>
</testsuite> <!-- Api -->
